<?xml version="1.0" encoding="UTF-8"?>
<!-- Generated by org.testng.reporters.JUnitReportReporter -->
<testsuite hostname="LAP0012" name="com.qa.zameenpk.testcases.MapPageTest" tests="1" failures="0" timestamp="5 Nov 2020 11:11:37 GMT" time="26.915" errors="1">
  <testcase name="Test3" time="26.915" classname="com.qa.zameenpk.testcases.MapPageTest">
    <error type="java.lang.ExceptionInInitializerError">
      <![CDATA[java.lang.ExceptionInInitializerError
	at org.sikuli.script.Pattern.<init>(Pattern.java:127)
	at com.qa.zameenpk.pages.MapPage.checkPropertyColorChange(MapPage.java:68)
	at com.qa.zameenpk.testcases.MapPageTest.Test3(MapPageTest.java:54)
	at sun.reflect.NativeMethodAccessorImpl.invoke0(Native Method)
	at sun.reflect.NativeMethodAccessorImpl.invoke(NativeMethodAccessorImpl.java:62)
	at sun.reflect.DelegatingMethodAccessorImpl.invoke(DelegatingMethodAccessorImpl.java:43)
	at java.lang.reflect.Method.invoke(Method.java:498)
	at org.testng.internal.MethodInvocationHelper.invokeMethod(MethodInvocationHelper.java:85)
	at org.testng.internal.Invoker.invokeMethod(Invoker.java:639)
	at org.testng.internal.Invoker.invokeTestMethod(Invoker.java:816)
	at org.testng.internal.Invoker.invokeTestMethods(Invoker.java:1124)
	at org.testng.internal.TestMethodWorker.invokeTestMethods(TestMethodWorker.java:125)
	at org.testng.internal.TestMethodWorker.run(TestMethodWorker.java:108)
	at org.testng.TestRunner.privateRun(TestRunner.java:774)
	at org.testng.TestRunner.run(TestRunner.java:624)
	at org.testng.SuiteRunner.runTest(SuiteRunner.java:359)
	at org.testng.SuiteRunner.runSequentially(SuiteRunner.java:354)
	at org.testng.SuiteRunner.privateRun(SuiteRunner.java:312)
	at org.testng.SuiteRunner.run(SuiteRunner.java:261)
	at org.testng.SuiteRunnerWorker.runSuite(SuiteRunnerWorker.java:52)
	at org.testng.SuiteRunnerWorker.run(SuiteRunnerWorker.java:86)
	at org.testng.TestNG.runSuitesSequentially(TestNG.java:1215)
	at org.testng.TestNG.runSuitesLocally(TestNG.java:1140)
	at org.testng.TestNG.run(TestNG.java:1048)
	at org.testng.remote.AbstractRemoteTestNG.run(AbstractRemoteTestNG.java:115)
	at org.testng.remote.RemoteTestNG.initAndRun(RemoteTestNG.java:251)
	at org.testng.remote.RemoteTestNG.main(RemoteTestNG.java:77)
Caused by: org.sikuli.script.SikuliXception: fatal: Java arch must be 64 Bit (java 8 version 1.8 vm 25.202-b08 class 52.0 arch null)
	at org.sikuli.script.support.RunTime.get(RunTime.java:977)
	at org.sikuli.script.support.RunTime.get(RunTime.java:915)
	at org.sikuli.script.support.RunTime.loadLibrary(RunTime.java:1689)
	at org.sikuli.script.Finder$Finder2.<clinit>(Finder.java:536)
	... 27 more
]]>
    </error>
  </testcase> <!-- Test3 -->
</testsuite> <!-- com.qa.zameenpk.testcases.MapPageTest -->
