<?xml version="1.0" encoding="UTF-8"?>
<!-- Generated by org.testng.reporters.JUnitReportReporter -->
<testsuite hostname="LAP0012" name="com.qa.zameenpk.testcases.ExtraFiltersPageTest" tests="1" failures="0" timestamp="5 Nov 2020 11:13:01 GMT" time="50.381" errors="0">
  <testcase name="Test2" time="50.381" classname="com.qa.zameenpk.testcases.ExtraFiltersPageTest"/>
</testsuite> <!-- com.qa.zameenpk.testcases.ExtraFiltersPageTest -->
