<?xml version="1.0" encoding="UTF-8"?>
<!-- Generated by org.testng.reporters.JUnitReportReporter -->
<testsuite hostname="LAP0012" name="com.qa.zameenpk.testcases.HomePageTest" tests="1" failures="0" timestamp="5 Nov 2020 11:10:54 GMT" time="22.839" errors="0">
  <testcase name="Test1" time="22.839" classname="com.qa.zameenpk.testcases.HomePageTest"/>
</testsuite> <!-- com.qa.zameenpk.testcases.HomePageTest -->
